

================================================================
== Synthesis Summary Report of 'encoding'
================================================================
+ General Information: 
    * Date:           Tue Nov 14 00:32:53 2023
    * Version:        2020.2 (Build 3064766 on Wed Nov 18 09:12:47 MST 2020)
    * Project:        ESE5320_Project
    * Solution:       solution1 (Vivado IP Flow Target)
    * Product family: zynquplus
    * Target device:  xczu3eg-sbva484-1-i
    

+ Performance & Resource Estimates: 
    
    PS: '+' for module; 'o' for loop; '*' for dataflow
    +----------------------+--------+-------+---------+-----------+----------+---------+-------+----------+----------+----+-----------+-------------+-----+
    |        Modules       |  Issue |       | Latency |  Latency  | Iteration|         |  Trip |          |          |    |           |             |     |
    |        & Loops       |  Type  | Slack | (cycles)|    (ns)   |  Latency | Interval| Count | Pipelined|   BRAM   | DSP|     FF    |     LUT     | URAM|
    +----------------------+--------+-------+---------+-----------+----------+---------+-------+----------+----------+----+-----------+-------------+-----+
    |+ encoding            |  Timing|   0.00|        -|          -|         -|        -|      -|        no|  67 (15%)|   -|  3868 (2%)|  11323 (16%)|    -|
    | + grp_insert_fu_696  |      II|  -0.05|       12|     80.004|         -|        2|      -|       yes|         -|   -|  2380 (1%)|    4938 (6%)|    -|
    | o VITIS_LOOP_309_1   |       -|  -4.87|    32768|  2.185e+05|         1|        1|  32768|       yes|         -|   -|          -|            -|    -|
    | o VITIS_LOOP_314_2   |       -|  -4.87|      512|  3.414e+03|         1|        1|    512|       yes|         -|   -|          -|            -|    -|
    | o VITIS_LOOP_322_3   |      II|  -4.87|     3073|  2.049e+04|        14|       12|    256|       yes|         -|   -|          -|            -|    -|
    | o VITIS_LOOP_337_4   |      II|  -4.87|        -|          -|        26|       26|      -|       yes|         -|   -|          -|            -|    -|
    | o VITIS_LOOP_375_5   |       -|  -4.87|        -|          -|         2|        1|      -|       yes|         -|   -|          -|            -|    -|
    +----------------------+--------+-------+---------+-----------+----------+---------+-------+----------+----------+----+-----------+-------------+-----+

